Arguments: 
  /usr/local/bin/node /usr/local/bin/yarn add react-router

PATH: 
  /usr/local/bin:/usr/bin:/bin:/usr/sbin:/sbin:/Applications/Wireshark.app/Contents/MacOS:/Users/ankitmishra/Downloads/android-sdk-macosx/platform-tools/:/Users/ankitmishra/Downloads/android-sdk-macosx/tools/:/Users/ankitmishra/Downloads/android-sdk-macosx/platform-tools/:/Users/ankitmishra/Downloads/android-sdk-macosx/tools/

Yarn version: 
  0.18.1

Node version: 
  6.9.1

Platform: 
  darwin x64

npm manifest: 
  {
    "name": "react-seed-project",
    "version": "1.0.0",
    "description": "",
    "main": "index.js",
    "scripts": {
      "test": "standard ./**/*.js, ./**/*.jsx, *.js | standard-reporter --stylish",
      "build-dist": "rm -rf ./dist && webpack --config webpack.config.js  --bail",
      "dist": "npm test && npm run build-dist",
      "dev": "webpack-dev-server"
    },
    "author": "",
    "license": "ISC",
    "devDependencies": {
      "babel-core": "^6.25.0",
      "babel-loader": "^7.1.1",
      "babel-preset-es2015": "^6.24.1",
      "babel-preset-react": "^6.24.1",
      "browser-sync-webpack-plugin": "^1.2.0",
      "clean-webpack-plugin": "^0.1.16",
      "css-loader": "^0.28.4",
      "debug": "^2.6.8",
      "file-loader": "^0.11.2",
      "html-webpack-plugin": "^2.30.1",
      "less-loader": "^4.0.5",
      "standard": "^10.0.3",
      "standard-reporter": "^1.0.5",
      "style-loader": "^0.18.2",
      "url-loader": "^0.5.9",
      "webpack": "^3.4.1",
      "webpack-dev-server": "^2.6.1"
    },
    "dependencies": {
      "react": "^15.6.1",
      "react-dom": "^15.6.1"
    }
  }

yarn manifest: 
  No manifest

Lockfile: 
  No lockfile

Trace: 
  Error: EACCES: permission denied, open '/Users/ankitmishra/Library/Caches/Yarn/npm-array-unique-0.2.1-a1d97ccafcbc2625cc70fadceb36a50c58b01a53/package.json'
      at Error (native)
